<?xml version="1.0" encoding="UTF-8"?>
<!-- Generated by org.testng.reporters.JUnitXMLReporter -->
<testsuite hostname="localhost" name="Bean_Test" tests="19" failures="0" timestamp="22 Oct 2019 03:21:47 GMT" time="6.856" errors="0">
  <testcase name="testFromJson" time="0.039" classname="me.chanjar.weixin.common.bean.WxAccessTokenTest"/>
  <testcase name="testFromBadJson1" time="0.011" classname="me.chanjar.weixin.common.bean.WxErrorTest"/>
  <testcase name="testFromBadJson2" time="0.0" classname="me.chanjar.weixin.common.bean.WxErrorTest"/>
  <testcase name="testFromJson" time="0.001" classname="me.chanjar.weixin.common.bean.WxErrorTest"/>
  <testcase name="testFromJson" time="0.0" classname="me.chanjar.weixin.common.bean.WxMenuTest"/>
  <testcase name="testToJson" time="0.0" classname="me.chanjar.weixin.common.bean.WxMenuTest"/>
  <testcase name="testAesEncrypt" time="0.168" classname="me.chanjar.weixin.common.util.crypto.WxCryptUtilTest"/>
  <testcase name="testAesEncrypt2" time="0.0" classname="me.chanjar.weixin.common.util.crypto.WxCryptUtilTest"/>
  <testcase name="testNormal" time="0.007" classname="me.chanjar.weixin.common.util.crypto.WxCryptUtilTest"/>
  <testcase name="testValidateSignatureError" time="0.002" classname="me.chanjar.weixin.common.util.crypto.WxCryptUtilTest"/>
  <testcase name="test" time="2.507" classname="me.chanjar.weixin.common.util.WxMessageInMemoryDuplicateCheckerTest"/>
  <testcase name="testBackgroundProcess" time="2.003" classname="me.chanjar.weixin.common.session.SessionTest"/>
  <testcase name="testBackgroundProcess2" time="2.002" classname="me.chanjar.weixin.common.session.SessionTest"/>
  <testcase name="testGetSession" time="0.002" classname="me.chanjar.weixin.common.session.SessionTest"/>
  <testcase name="testInvalidate" time="0.001" classname="me.chanjar.weixin.common.session.SessionTest"/>
  <testcase name="testInvalidate2" time="0.0" classname="me.chanjar.weixin.common.session.SessionTest"/>
  <testcase name="testInvalidateAngGet" time="0.002" classname="me.chanjar.weixin.common.session.SessionTest"/>
  <testcase name="testMaxActive" time="0.0" classname="me.chanjar.weixin.common.session.SessionTest"/>
  <testcase name="testMaxActive2" time="0.0" classname="me.chanjar.weixin.common.session.SessionTest"/>
</testsuite> <!-- Bean_Test -->
