<?xml version="1.0" encoding="UTF-8"?>
<testng-results skipped="0" failed="0" total="19" passed="19">
  <reporter-output>
  </reporter-output>
  <suite name="Weixin-java-tool-suite" duration-ms="6856" started-at="2019-10-22T03:21:40Z" finished-at="2019-10-22T03:21:47Z">
    <groups>
    </groups>
    <test name="Bean_Test" duration-ms="6856" started-at="2019-10-22T03:21:40Z" finished-at="2019-10-22T03:21:47Z">
      <class name="me.chanjar.weixin.common.util.WxMessageInMemoryDuplicateCheckerTest">
        <test-method status="PASS" signature="test()[pri:0, instance:me.chanjar.weixin.common.util.WxMessageInMemoryDuplicateCheckerTest@1b0375b3]" name="test" duration-ms="2507" started-at="2019-10-22T11:21:40Z" finished-at="2019-10-22T11:21:42Z">
          <reporter-output>
          </reporter-output>
        </test-method> <!-- test -->
      </class> <!-- me.chanjar.weixin.common.util.WxMessageInMemoryDuplicateCheckerTest -->
      <class name="me.chanjar.weixin.common.bean.WxMenuTest">
        <test-method status="PASS" signature="testFromJson(java.lang.String)[pri:0, instance:me.chanjar.weixin.common.bean.WxMenuTest@129a8472]" name="testFromJson" duration-ms="0" started-at="2019-10-22T11:21:40Z" data-provider="wxReturnMenu" finished-at="2019-10-22T11:21:40Z">
          <params>
            <param index="0">
              <value>
                <![CDATA[{ "menu" : {"button":[{"type":"click","name":"今日歌曲","key":"V1001_TODAY_MUSIC"},{"type":"click","name":"歌手简介","key":"V1001_TODAY_SINGER"},{"name":"菜单","sub_button":[{"type":"view","name":"搜索","url":"http://www.soso.com/"},{"type":"view","name":"视频","url":"http://v.qq.com/"},{"type":"click","name":"赞一下我们","key":"V1001_GOOD"}]}]} }]]>
              </value>
            </param>
          </params>
          <reporter-output>
          </reporter-output>
        </test-method> <!-- testFromJson -->
        <test-method status="PASS" signature="testToJson(java.lang.String)[pri:0, instance:me.chanjar.weixin.common.bean.WxMenuTest@129a8472]" name="testToJson" duration-ms="0" started-at="2019-10-22T11:21:40Z" data-provider="wxPushMenu" finished-at="2019-10-22T11:21:40Z">
          <params>
            <param index="0">
              <value>
                <![CDATA[{"button":[{"type":"click","name":"今日歌曲","key":"V1001_TODAY_MUSIC"},{"type":"click","name":"歌手简介","key":"V1001_TODAY_SINGER"},{"name":"菜单","sub_button":[{"type":"view","name":"搜索","url":"http://www.soso.com/"},{"type":"view","name":"视频","url":"http://v.qq.com/"},{"type":"click","name":"赞一下我们","key":"V1001_GOOD"}]}]}]]>
              </value>
            </param>
          </params>
          <reporter-output>
          </reporter-output>
        </test-method> <!-- testToJson -->
      </class> <!-- me.chanjar.weixin.common.bean.WxMenuTest -->
      <class name="me.chanjar.weixin.common.bean.WxErrorTest">
        <test-method status="PASS" signature="testFromBadJson1()[pri:0, instance:me.chanjar.weixin.common.bean.WxErrorTest@2c8d66b2]" name="testFromBadJson1" duration-ms="11" started-at="2019-10-22T11:21:40Z" finished-at="2019-10-22T11:21:40Z">
          <reporter-output>
          </reporter-output>
        </test-method> <!-- testFromBadJson1 -->
        <test-method status="PASS" signature="testFromBadJson2()[pri:0, instance:me.chanjar.weixin.common.bean.WxErrorTest@2c8d66b2]" name="testFromBadJson2" duration-ms="0" started-at="2019-10-22T11:21:40Z" finished-at="2019-10-22T11:21:40Z">
          <reporter-output>
          </reporter-output>
        </test-method> <!-- testFromBadJson2 -->
        <test-method status="PASS" signature="testFromJson()[pri:0, instance:me.chanjar.weixin.common.bean.WxErrorTest@2c8d66b2]" name="testFromJson" duration-ms="1" started-at="2019-10-22T11:21:40Z" finished-at="2019-10-22T11:21:40Z">
          <reporter-output>
          </reporter-output>
        </test-method> <!-- testFromJson -->
      </class> <!-- me.chanjar.weixin.common.bean.WxErrorTest -->
      <class name="me.chanjar.weixin.common.bean.WxAccessTokenTest">
        <test-method status="PASS" signature="testFromJson()[pri:0, instance:me.chanjar.weixin.common.bean.WxAccessTokenTest@2f7c7260]" name="testFromJson" duration-ms="39" started-at="2019-10-22T11:21:40Z" finished-at="2019-10-22T11:21:40Z">
          <reporter-output>
          </reporter-output>
        </test-method> <!-- testFromJson -->
      </class> <!-- me.chanjar.weixin.common.bean.WxAccessTokenTest -->
      <class name="me.chanjar.weixin.common.util.crypto.WxCryptUtilTest">
        <test-method status="PASS" signature="testAesEncrypt()[pri:0, instance:me.chanjar.weixin.common.util.crypto.WxCryptUtilTest@2d209079]" name="testAesEncrypt" duration-ms="168" started-at="2019-10-22T11:21:40Z" finished-at="2019-10-22T11:21:40Z">
          <reporter-output>
          </reporter-output>
        </test-method> <!-- testAesEncrypt -->
        <test-method status="PASS" signature="testAesEncrypt2()[pri:0, instance:me.chanjar.weixin.common.util.crypto.WxCryptUtilTest@2d209079]" name="testAesEncrypt2" duration-ms="0" started-at="2019-10-22T11:21:40Z" finished-at="2019-10-22T11:21:40Z">
          <reporter-output>
          </reporter-output>
        </test-method> <!-- testAesEncrypt2 -->
        <test-method status="PASS" signature="testNormal()[pri:0, instance:me.chanjar.weixin.common.util.crypto.WxCryptUtilTest@2d209079]" name="testNormal" duration-ms="7" started-at="2019-10-22T11:21:40Z" finished-at="2019-10-22T11:21:40Z">
          <reporter-output>
          </reporter-output>
        </test-method> <!-- testNormal -->
        <test-method status="PASS" signature="testValidateSignatureError()[pri:0, instance:me.chanjar.weixin.common.util.crypto.WxCryptUtilTest@2d209079]" name="testValidateSignatureError" duration-ms="2" started-at="2019-10-22T11:21:40Z" finished-at="2019-10-22T11:21:40Z">
          <reporter-output>
          </reporter-output>
        </test-method> <!-- testValidateSignatureError -->
      </class> <!-- me.chanjar.weixin.common.util.crypto.WxCryptUtilTest -->
      <class name="me.chanjar.weixin.common.session.SessionTest">
        <test-method status="PASS" signature="testBackgroundProcess(me.chanjar.weixin.common.session.WxSessionManager)[pri:0, instance:me.chanjar.weixin.common.session.SessionTest@6debcae2]" name="testBackgroundProcess" duration-ms="2003" started-at="2019-10-22T11:21:43Z" data-provider="getSessionManager" finished-at="2019-10-22T11:21:45Z">
          <params>
            <param index="0">
              <value>
                <![CDATA[me.chanjar.weixin.common.session.StandardSessionManager@47af7f3d]]>
              </value>
            </param>
          </params>
          <reporter-output>
          </reporter-output>
        </test-method> <!-- testBackgroundProcess -->
        <test-method status="PASS" signature="testBackgroundProcess2(me.chanjar.weixin.common.session.WxSessionManager)[pri:0, instance:me.chanjar.weixin.common.session.SessionTest@6debcae2]" name="testBackgroundProcess2" duration-ms="2002" started-at="2019-10-22T11:21:45Z" data-provider="getSessionManager" finished-at="2019-10-22T11:21:47Z">
          <params>
            <param index="0">
              <value>
                <![CDATA[me.chanjar.weixin.common.session.StandardSessionManager@7c729a55]]>
              </value>
            </param>
          </params>
          <reporter-output>
          </reporter-output>
        </test-method> <!-- testBackgroundProcess2 -->
        <test-method status="PASS" signature="testGetSession(me.chanjar.weixin.common.session.WxSessionManager)[pri:0, instance:me.chanjar.weixin.common.session.SessionTest@6debcae2]" name="testGetSession" duration-ms="2" started-at="2019-10-22T11:21:47Z" data-provider="getSessionManager" finished-at="2019-10-22T11:21:47Z">
          <params>
            <param index="0">
              <value>
                <![CDATA[me.chanjar.weixin.common.session.StandardSessionManager@3bb9a3ff]]>
              </value>
            </param>
          </params>
          <reporter-output>
          </reporter-output>
        </test-method> <!-- testGetSession -->
        <test-method status="PASS" signature="testInvalidate(me.chanjar.weixin.common.session.WxSessionManager)[pri:0, instance:me.chanjar.weixin.common.session.SessionTest@6debcae2]" name="testInvalidate" duration-ms="1" started-at="2019-10-22T11:21:47Z" data-provider="getSessionManager" finished-at="2019-10-22T11:21:47Z">
          <params>
            <param index="0">
              <value>
                <![CDATA[me.chanjar.weixin.common.session.StandardSessionManager@661972b0]]>
              </value>
            </param>
          </params>
          <exception class="java.lang.IllegalStateException">
            <full-stacktrace>
              <![CDATA[java.lang.IllegalStateException
	at me.chanjar.weixin.common.session.StandardSession.getAttributeNames(StandardSession.java:36)
	at me.chanjar.weixin.common.session.StandardSessionFacade.getAttributeNames(StandardSessionFacade.java:27)
	at me.chanjar.weixin.common.session.SessionTest.testInvalidate(SessionTest.java:25)
	at sun.reflect.NativeMethodAccessorImpl.invoke0(Native Method)
	at sun.reflect.NativeMethodAccessorImpl.invoke(NativeMethodAccessorImpl.java:62)
	at sun.reflect.DelegatingMethodAccessorImpl.invoke(DelegatingMethodAccessorImpl.java:43)
	at java.lang.reflect.Method.invoke(Method.java:498)
	at org.testng.internal.MethodInvocationHelper.invokeMethod(MethodInvocationHelper.java:84)
	at org.testng.internal.Invoker.invokeMethod(Invoker.java:714)
	at org.testng.internal.Invoker.invokeTestMethod(Invoker.java:901)
	at org.testng.internal.Invoker.invokeTestMethods(Invoker.java:1231)
	at org.testng.internal.TestMethodWorker.invokeTestMethods(TestMethodWorker.java:127)
	at org.testng.internal.TestMethodWorker.run(TestMethodWorker.java:111)
	at org.testng.TestRunner.privateRun(TestRunner.java:767)
	at org.testng.TestRunner.run(TestRunner.java:617)
	at org.testng.SuiteRunner.runTest(SuiteRunner.java:334)
	at org.testng.SuiteRunner.runSequentially(SuiteRunner.java:329)
	at org.testng.SuiteRunner.privateRun(SuiteRunner.java:291)
	at org.testng.SuiteRunner.run(SuiteRunner.java:240)
	at org.testng.SuiteRunnerWorker.runSuite(SuiteRunnerWorker.java:52)
	at org.testng.SuiteRunnerWorker.run(SuiteRunnerWorker.java:86)
	at org.testng.TestNG.runSuitesSequentially(TestNG.java:1224)
	at org.testng.TestNG.runSuitesLocally(TestNG.java:1149)
	at org.testng.TestNG.run(TestNG.java:1057)
	at org.apache.maven.surefire.testng.TestNGExecutor.run(TestNGExecutor.java:293)
	at org.apache.maven.surefire.testng.TestNGXmlTestSuite.execute(TestNGXmlTestSuite.java:84)
	at org.apache.maven.surefire.testng.TestNGProvider.invoke(TestNGProvider.java:91)
	at org.apache.maven.surefire.booter.ForkedBooter.invokeProviderInSameClassLoader(ForkedBooter.java:200)
	at org.apache.maven.surefire.booter.ForkedBooter.runSuitesInProcess(ForkedBooter.java:153)
	at org.apache.maven.surefire.booter.ForkedBooter.main(ForkedBooter.java:103)
]]>
            </full-stacktrace>
          </exception> <!-- java.lang.IllegalStateException -->
          <reporter-output>
          </reporter-output>
        </test-method> <!-- testInvalidate -->
        <test-method status="PASS" signature="testInvalidate2(me.chanjar.weixin.common.session.InternalSessionManager)[pri:0, instance:me.chanjar.weixin.common.session.SessionTest@6debcae2]" name="testInvalidate2" duration-ms="0" started-at="2019-10-22T11:21:47Z" data-provider="getSessionManager" finished-at="2019-10-22T11:21:47Z">
          <params>
            <param index="0">
              <value>
                <![CDATA[me.chanjar.weixin.common.session.StandardSessionManager@323b36e0]]>
              </value>
            </param>
          </params>
          <reporter-output>
          </reporter-output>
        </test-method> <!-- testInvalidate2 -->
        <test-method status="PASS" signature="testInvalidateAngGet(me.chanjar.weixin.common.session.WxSessionManager)[pri:0, instance:me.chanjar.weixin.common.session.SessionTest@6debcae2]" name="testInvalidateAngGet" duration-ms="2" started-at="2019-10-22T11:21:47Z" data-provider="getSessionManager" finished-at="2019-10-22T11:21:47Z">
          <params>
            <param index="0">
              <value>
                <![CDATA[me.chanjar.weixin.common.session.StandardSessionManager@44ebcd03]]>
              </value>
            </param>
          </params>
          <reporter-output>
          </reporter-output>
        </test-method> <!-- testInvalidateAngGet -->
        <test-method status="PASS" signature="testMaxActive(me.chanjar.weixin.common.session.WxSessionManager)[pri:0, instance:me.chanjar.weixin.common.session.SessionTest@6debcae2]" name="testMaxActive" duration-ms="0" started-at="2019-10-22T11:21:47Z" data-provider="getSessionManager" finished-at="2019-10-22T11:21:47Z">
          <params>
            <param index="0">
              <value>
                <![CDATA[me.chanjar.weixin.common.session.StandardSessionManager@694abbdc]]>
              </value>
            </param>
          </params>
          <reporter-output>
          </reporter-output>
        </test-method> <!-- testMaxActive -->
        <test-method status="PASS" signature="testMaxActive2(me.chanjar.weixin.common.session.WxSessionManager)[pri:0, instance:me.chanjar.weixin.common.session.SessionTest@6debcae2]" name="testMaxActive2" duration-ms="0" started-at="2019-10-22T11:21:47Z" data-provider="getSessionManager" finished-at="2019-10-22T11:21:47Z">
          <params>
            <param index="0">
              <value>
                <![CDATA[me.chanjar.weixin.common.session.StandardSessionManager@2e005c4b]]>
              </value>
            </param>
          </params>
          <exception class="me.chanjar.weixin.common.session.TooManyActiveSessionsException">
            <full-stacktrace>
              <![CDATA[me.chanjar.weixin.common.session.TooManyActiveSessionsException
	at me.chanjar.weixin.common.session.StandardSessionManager.createSession(StandardSessionManager.java:155)
	at me.chanjar.weixin.common.session.SessionTest.testMaxActive2(SessionTest.java:129)
	at sun.reflect.NativeMethodAccessorImpl.invoke0(Native Method)
	at sun.reflect.NativeMethodAccessorImpl.invoke(NativeMethodAccessorImpl.java:62)
	at sun.reflect.DelegatingMethodAccessorImpl.invoke(DelegatingMethodAccessorImpl.java:43)
	at java.lang.reflect.Method.invoke(Method.java:498)
	at org.testng.internal.MethodInvocationHelper.invokeMethod(MethodInvocationHelper.java:84)
	at org.testng.internal.Invoker.invokeMethod(Invoker.java:714)
	at org.testng.internal.Invoker.invokeTestMethod(Invoker.java:901)
	at org.testng.internal.Invoker.invokeTestMethods(Invoker.java:1231)
	at org.testng.internal.TestMethodWorker.invokeTestMethods(TestMethodWorker.java:127)
	at org.testng.internal.TestMethodWorker.run(TestMethodWorker.java:111)
	at org.testng.TestRunner.privateRun(TestRunner.java:767)
	at org.testng.TestRunner.run(TestRunner.java:617)
	at org.testng.SuiteRunner.runTest(SuiteRunner.java:334)
	at org.testng.SuiteRunner.runSequentially(SuiteRunner.java:329)
	at org.testng.SuiteRunner.privateRun(SuiteRunner.java:291)
	at org.testng.SuiteRunner.run(SuiteRunner.java:240)
	at org.testng.SuiteRunnerWorker.runSuite(SuiteRunnerWorker.java:52)
	at org.testng.SuiteRunnerWorker.run(SuiteRunnerWorker.java:86)
	at org.testng.TestNG.runSuitesSequentially(TestNG.java:1224)
	at org.testng.TestNG.runSuitesLocally(TestNG.java:1149)
	at org.testng.TestNG.run(TestNG.java:1057)
	at org.apache.maven.surefire.testng.TestNGExecutor.run(TestNGExecutor.java:293)
	at org.apache.maven.surefire.testng.TestNGXmlTestSuite.execute(TestNGXmlTestSuite.java:84)
	at org.apache.maven.surefire.testng.TestNGProvider.invoke(TestNGProvider.java:91)
	at org.apache.maven.surefire.booter.ForkedBooter.invokeProviderInSameClassLoader(ForkedBooter.java:200)
	at org.apache.maven.surefire.booter.ForkedBooter.runSuitesInProcess(ForkedBooter.java:153)
	at org.apache.maven.surefire.booter.ForkedBooter.main(ForkedBooter.java:103)
]]>
            </full-stacktrace>
          </exception> <!-- me.chanjar.weixin.common.session.TooManyActiveSessionsException -->
          <reporter-output>
          </reporter-output>
        </test-method> <!-- testMaxActive2 -->
      </class> <!-- me.chanjar.weixin.common.session.SessionTest -->
    </test> <!-- Bean_Test -->
  </suite> <!-- Weixin-java-tool-suite -->
</testng-results>
