<?xml version="1.0" encoding="UTF-8"?>
<testsuite name="TestSuite" time="6.748" tests="19" errors="0" skipped="0" failures="0">
  <properties>
[...]
</properties>
  <testcase name="testFromJson" classname="me.chanjar.weixin.common.bean.WxAccessTokenTest" time="0.039"/>
  <testcase name="testFromBadJson1" classname="me.chanjar.weixin.common.bean.WxErrorTest" time="0.01"/>
  <testcase name="testFromBadJson2" classname="me.chanjar.weixin.common.bean.WxErrorTest" time="0"/>
  <testcase name="testFromJson" classname="me.chanjar.weixin.common.bean.WxErrorTest" time="0"/>
  <testcase name="testFromJson" classname="me.chanjar.weixin.common.bean.WxMenuTest" time="0"/>
  <testcase name="testToJson" classname="me.chanjar.weixin.common.bean.WxMenuTest" time="0"/>
  <testcase name="testAesEncrypt" classname="me.chanjar.weixin.common.util.crypto.WxCryptUtilTest" time="0.168"/>
  <testcase name="testAesEncrypt2" classname="me.chanjar.weixin.common.util.crypto.WxCryptUtilTest" time="0"/>
  <testcase name="testNormal" classname="me.chanjar.weixin.common.util.crypto.WxCryptUtilTest" time="0.007"/>
  <testcase name="testValidateSignatureError" classname="me.chanjar.weixin.common.util.crypto.WxCryptUtilTest" time="0.002"/>
  <testcase name="test" classname="me.chanjar.weixin.common.util.WxMessageInMemoryDuplicateCheckerTest" time="2.508"/>
  <testcase name="testBackgroundProcess" classname="me.chanjar.weixin.common.session.SessionTest" time="2.004"/>
  <testcase name="testBackgroundProcess2" classname="me.chanjar.weixin.common.session.SessionTest" time="2.003"/>
  <testcase name="testGetSession" classname="me.chanjar.weixin.common.session.SessionTest" time="0.002"/>
  <testcase name="testInvalidate" classname="me.chanjar.weixin.common.session.SessionTest" time="0.001"/>
  <testcase name="testInvalidate2" classname="me.chanjar.weixin.common.session.SessionTest" time="0"/>
  <testcase name="testInvalidateAngGet" classname="me.chanjar.weixin.common.session.SessionTest" time="0.003"/>
  <testcase name="testMaxActive" classname="me.chanjar.weixin.common.session.SessionTest" time="0"/>
  <testcase name="testMaxActive2" classname="me.chanjar.weixin.common.session.SessionTest" time="0.001"/>
</testsuite>